Сборка начата 18.12.2019 1:56:34.
Окружение на момент начала сборки:
ALLUSERSPROFILE = C:\ProgramData
APPDATA = C:\Users\USER\AppData\Roaming
BTK_BASELIBCTX:11980 = 12785888
CommonProgramFiles = C:\Program Files (x86)\Common Files
CommonProgramFiles(x86) = C:\Program Files (x86)\Common Files
CommonProgramW6432 = C:\Program Files\Common Files
COMPUTERNAME = DEFENDER-SD
ComSpec = C:\WINDOWS\system32\cmd.exe
configsetroot = C:\WINDOWS\ConfigSetRoot
C_EM64T_REDIST11 = C:\Program Files (x86)\Common Files\Intel\Shared Files\cpp\
DriverData = C:\Windows\System32\Drivers\DriverData
easyplussdk = "C:\Program Files (x86)\Common Files\lenovo\easyplussdk\bin"
ESET_OPTIONS =                                                                                                                                                                                                                                                                                                                                                                                                                                                                                                                                
FPS_BROWSER_APP_PROFILE_STRING = Internet Explorer
FPS_BROWSER_USER_PROFILE_STRING = Default
FugueRepository = C:\PROGRAM FILES (X86)\MICROSOFT VISUAL STUDIO\2017\COMMUNITY\TEAM TOOLS\STATIC ANALYSIS TOOLS\FxCop\Repository
HOMEDRIVE = C:
HOMEPATH = \Users\USER
KMP_DUPLICATE_LIB_OK = TRUE
LOCALAPPDATA = C:\Users\USER\AppData\Local
LOGONSERVER = \\DEFENDER-SD
MKL_SERIAL = YES
MSBuildLoadMicrosoftTargetsReadOnly = true
NUMBER_OF_PROCESSORS = 4
OneDrive = C:\Users\USER\OneDrive
OS = Windows_NT
Path = C:\Program Files (x86)\Common Files\Intel\Shared Files\cpp\bin\Intel64;C:\Program Files (x86)\Common Files\Oracle\Java\javapath;C:\ProgramData\Oracle\Java\javapath;C:\WINDOWS\system32;C:\WINDOWS;C:\WINDOWS\System32\Wbem;C:\WINDOWS\System32\WindowsPowerShell\v1.0\;C:\Program Files (x86)\Common Files\lenovo\easyplussdk\bin;C:\Program Files\Intel\WiFi\bin\;C:\Program Files\Common Files\Intel\WirelessCommon\;C:\install\AOMEI Backupper;C:\Program Files\Java\jdk-10.0.1\bin;C:\WINDOWS\System32\OpenSSH\;C:\Program Files\dotnet\;C:\Program Files\Microsoft SQL Server\130\Tools\Binn\;C:\install\Git\cmd;C:\Users\USER\AppData\Local\Microsoft\WindowsApps;C:\Users\USER\AppData\Local\atom\bin;%USERPROFILE%\AppData\Local\Microsoft\WindowsApps;C:\Users\USER\.dotnet\tools
PATHEXT = .COM;.EXE;.BAT;.CMD;.VBS;.VBE;.JS;.JSE;.WSF;.WSH;.MSC
PkgDefApplicationConfigFile = C:\Users\USER\AppData\Local\Microsoft\VisualStudio\15.0_3403365a\devenv.exe.config
PROCESSOR_ARCHITECTURE = x86
PROCESSOR_ARCHITEW6432 = AMD64
PROCESSOR_IDENTIFIER = Intel64 Family 6 Model 78 Stepping 3, GenuineIntel
PROCESSOR_LEVEL = 6
PROCESSOR_REVISION = 4e03
ProgramData = C:\ProgramData
ProgramFiles = C:\Program Files (x86)
ProgramFiles(x86) = C:\Program Files (x86)
ProgramW6432 = C:\Program Files
PSModulePath = C:\Program Files\WindowsPowerShell\Modules;C:\WINDOWS\system32\WindowsPowerShell\v1.0\Modules
PUBLIC = C:\Users\Public
SESSIONNAME = Console
SystemDrive = C:
SystemRoot = C:\WINDOWS
TEMP = C:\Users\USER\AppData\Local\Temp
TMP = C:\Users\USER\AppData\Local\Temp
USERDOMAIN = DEFENDER-SD
USERDOMAIN_ROAMINGPROFILE = DEFENDER-SD
USERNAME = USER
USERPROFILE = C:\Users\USER
VBOX_MSI_INSTALL_PATH = C:\install\VisualBox\
VisualStudioDir = C:\Users\USER\Documents\Visual Studio 2017
VisualStudioEdition = Microsoft Visual Studio Community 2017
VisualStudioVersion = 15.0
VS110COMNTOOLS = C:\Program Files (x86)\Microsoft Visual Studio 11.0\Common7\Tools\
VS120COMNTOOLS = C:\Program Files (x86)\Microsoft Visual Studio 12.0\Common7\Tools\
VS140COMNTOOLS = C:\Program Files (x86)\Microsoft Visual Studio 14.0\Common7\Tools\
VSAPPIDDIR = C:\Program Files (x86)\Microsoft Visual Studio\2017\Community\Common7\IDE\
VSAPPIDNAME = devenv.exe
VSLANG = 1049
VSSKUEDITION = Community
windir = C:\WINDOWS

     1>Проект "E:\Compil\SDE-2019\SDE-2019\SDE-2019.vcxproj" в узле 2 (целевые объекты Build).
     1>InitializeBuildStatus:
         Создание "x64\Release\SDE-2019.tlog\unsuccessfulbuild", так как было задано "AlwaysCreate".
       ClCompile:
         Для всех выходных данных обновления не требуется.
         C:\Program Files (x86)\Microsoft Visual Studio\2017\Community\VC\Tools\MSVC\14.16.27023\bin\HostX86\x64\CL.exe /c /Zi /nologo /W3 /WX- /diagnostics:classic /sdl /O2 /Oi /GL /D NDEBUG /D _CONSOLE /D _UNICODE /D UNICODE /Gm- /EHsc /MD /GS /Gy /fp:precise /permissive- /Zc:wchar_t /Zc:forScope /Zc:inline /Yu"pch.h" /Fp"x64\Release\SDE-2019.pch" /Fo"x64\Release\\" /Fd"x64\Release\vc141.pdb" /Gd /TP /FC /errorReport:prompt Generation.cpp
         Generation.cpp
     1>e:\compil\sde-2019\sde-2019\generation.cpp(200): warning C4129: p: неизвестная escape-последовательность
       Link:
         C:\Program Files (x86)\Microsoft Visual Studio\2017\Community\VC\Tools\MSVC\14.16.27023\bin\HostX86\x64\link.exe /ERRORREPORT:PROMPT /OUT:"E:\Compil\SDE-2019\x64\Release\SDE-2019.exe" /INCREMENTAL:NO /NOLOGO kernel32.lib user32.lib gdi32.lib winspool.lib comdlg32.lib advapi32.lib shell32.lib ole32.lib oleaut32.lib uuid.lib odbc32.lib odbccp32.lib /MANIFEST /MANIFESTUAC:"level='asInvoker' uiAccess='false'" /manifest:embed /DEBUG /PDB:"E:\Compil\SDE-2019\x64\Release\SDE-2019.pdb" /SUBSYSTEM:CONSOLE /OPT:REF /OPT:ICF /LTCG:incremental /TLBID:1 /DYNAMICBASE /NXCOMPAT /IMPLIB:"E:\Compil\SDE-2019\x64\Release\SDE-2019.lib" /MACHINE:X64 x64\Release\Error.obj
         x64\Release\FilesManager.obj
         x64\Release\FST.obj
         x64\Release\Generation.obj
         x64\Release\Greibach.obj
         x64\Release\In.obj
         x64\Release\IT.obj
         x64\Release\LexAnaliz.obj
         x64\Release\Log.obj
         x64\Release\LT.obj
         x64\Release\Main.obj
         x64\Release\MFST.obj
         x64\Release\Parm.obj
         x64\Release\pch.obj
         x64\Release\PolishNotation.obj
         x64\Release\Semantic.obj
         Создание кода
         0 of 863 functions ( 0.0%) were compiled, the rest were copied from previous compilation.
           0 functions were new in current compilation
           0 functions had inline decision re-evaluated but remain unchanged
         Создание кода завершено
         SDE-2019.vcxproj -> E:\Compil\SDE-2019\x64\Release\SDE-2019.exe
       FinalizeBuildStatus:
         Файл "x64\Release\SDE-2019.tlog\unsuccessfulbuild" удаляется.
         Обращение к "x64\Release\SDE-2019.tlog\SDE-2019.lastbuildstate".
     1>Сборка проекта "E:\Compil\SDE-2019\SDE-2019\SDE-2019.vcxproj" завершена (целевые объекты Build).

Сборка успешно завершена.

       "E:\Compil\SDE-2019\SDE-2019\SDE-2019.vcxproj" (целевой объект Build ) (1) ->
       (ClCompile конечный объект) -> 
         e:\compil\sde-2019\sde-2019\generation.cpp(200): warning C4129: p: неизвестная escape-последовательность

    Предупреждений: 1
    Ошибок: 0

Прошло времени 00:00:05.34
