Тест Без ошибок
<<<<<<< HEAD
---- Протокол ------- Дата: 25.10.2019 17:29:43
=======
---- Протокол ------- Дата: 29.10.2019 23:50:16
>>>>>>> 13b98efb756c1661bac5503f09b570e4133522f2
---- Параметры -------
-log: E:\Compil\LPLab16\Debug\LPLab16.exe.log
-out: E:\Compil\LPLab16\Debug\LPLab16.exe.out
-in: input.txt
======= Исходные данные =====
<<<<<<< HEAD
Количество символов: -53
Проигнорировано:     0
Количество строк:    53
=======
Количество символов: -54
Проигнорировано:     0
Количество строк:    54
>>>>>>> 13b98efb756c1661bac5503f09b570e4133522f2
