Сборка начата 14.12.2019 22:07:10.
Окружение на момент начала сборки:
ALLUSERSPROFILE = C:\ProgramData
APPDATA = C:\Users\USER\AppData\Roaming
CommonProgramFiles = C:\Program Files (x86)\Common Files
CommonProgramFiles(x86) = C:\Program Files (x86)\Common Files
CommonProgramW6432 = C:\Program Files\Common Files
COMPUTERNAME = DEFENDER-SD
ComSpec = C:\WINDOWS\system32\cmd.exe
configsetroot = C:\WINDOWS\ConfigSetRoot
C_EM64T_REDIST11 = C:\Program Files (x86)\Common Files\Intel\Shared Files\cpp\
DriverData = C:\Windows\System32\Drivers\DriverData
easyplussdk = "C:\Program Files (x86)\Common Files\lenovo\easyplussdk\bin"
ESET_OPTIONS =                                                                                                                                                                                                                                                                                                                                                                                                                                                                                                                                
FPS_BROWSER_APP_PROFILE_STRING = Internet Explorer
FPS_BROWSER_USER_PROFILE_STRING = Default
HOMEDRIVE = C:
HOMEPATH = \Users\USER
KMP_DUPLICATE_LIB_OK = TRUE
LOCALAPPDATA = C:\Users\USER\AppData\Local
LOGONSERVER = \\DEFENDER-SD
MKL_SERIAL = YES
MSBuildLoadMicrosoftTargetsReadOnly = true
NUMBER_OF_PROCESSORS = 4
OneDrive = C:\Users\USER\OneDrive
OS = Windows_NT
Path = C:\Program Files (x86)\Common Files\Intel\Shared Files\cpp\bin\Intel64;C:\Program Files (x86)\Common Files\Oracle\Java\javapath;C:\ProgramData\Oracle\Java\javapath;C:\WINDOWS\system32;C:\WINDOWS;C:\WINDOWS\System32\Wbem;C:\WINDOWS\System32\WindowsPowerShell\v1.0\;C:\Program Files (x86)\Common Files\lenovo\easyplussdk\bin;C:\Program Files\Intel\WiFi\bin\;C:\Program Files\Common Files\Intel\WirelessCommon\;C:\install\AOMEI Backupper;C:\Program Files\Java\jdk-10.0.1\bin;C:\WINDOWS\System32\OpenSSH\;C:\Program Files\dotnet\;C:\Program Files\Microsoft SQL Server\130\Tools\Binn\;C:\install\Git\cmd;C:\Users\USER\AppData\Local\Microsoft\WindowsApps;C:\Users\USER\AppData\Local\atom\bin;%USERPROFILE%\AppData\Local\Microsoft\WindowsApps;C:\Users\USER\.dotnet\tools
PATHEXT = .COM;.EXE;.BAT;.CMD;.VBS;.VBE;.JS;.JSE;.WSF;.WSH;.MSC
PkgDefApplicationConfigFile = C:\Users\USER\AppData\Local\Microsoft\VisualStudio\15.0_3403365a\devenv.exe.config
PROCESSOR_ARCHITECTURE = x86
PROCESSOR_ARCHITEW6432 = AMD64
PROCESSOR_IDENTIFIER = Intel64 Family 6 Model 78 Stepping 3, GenuineIntel
PROCESSOR_LEVEL = 6
PROCESSOR_REVISION = 4e03
ProgramData = C:\ProgramData
ProgramFiles = C:\Program Files (x86)
ProgramFiles(x86) = C:\Program Files (x86)
ProgramW6432 = C:\Program Files
PSModulePath = C:\Program Files\WindowsPowerShell\Modules;C:\WINDOWS\system32\WindowsPowerShell\v1.0\Modules
PUBLIC = C:\Users\Public
SESSIONNAME = Console
SystemDrive = C:
SystemRoot = C:\WINDOWS
TEMP = C:\Users\USER\AppData\Local\Temp
TMP = C:\Users\USER\AppData\Local\Temp
USERDOMAIN = DEFENDER-SD
USERDOMAIN_ROAMINGPROFILE = DEFENDER-SD
USERNAME = USER
USERPROFILE = C:\Users\USER
VBOX_MSI_INSTALL_PATH = C:\install\VisualBox\
VisualStudioDir = C:\Users\USER\Documents\Visual Studio 2017
VisualStudioEdition = Microsoft Visual Studio Community 2017
VisualStudioVersion = 15.0
VS110COMNTOOLS = C:\Program Files (x86)\Microsoft Visual Studio 11.0\Common7\Tools\
VS120COMNTOOLS = C:\Program Files (x86)\Microsoft Visual Studio 12.0\Common7\Tools\
VS140COMNTOOLS = C:\Program Files (x86)\Microsoft Visual Studio 14.0\Common7\Tools\
VSAPPIDDIR = C:\Program Files (x86)\Microsoft Visual Studio\2017\Community\Common7\IDE\
VSAPPIDNAME = devenv.exe
VSLANG = 1049
VSSKUEDITION = Community
windir = C:\WINDOWS

     1>Проект "E:\Compil\SDE-2019\SDE-2019\SDE-2019.vcxproj" в узле 2 (целевые объекты Build).
     1>InitializeBuildStatus:
         Создание "Debug\SDE-2019.tlog\unsuccessfulbuild", так как было задано "AlwaysCreate".
       ClCompile:
         C:\Program Files (x86)\Microsoft Visual Studio\2017\Community\VC\Tools\MSVC\14.16.27023\bin\HostX86\x86\CL.exe /c /ZI /JMC /nologo /W3 /WX- /diagnostics:classic /sdl /Od /Oy- /D WIN32 /D _DEBUG /D _CONSOLE /D _UNICODE /D UNICODE /Gm- /EHsc /RTC1 /MDd /GS /fp:precise /permissive- /Zc:wchar_t /Zc:forScope /Zc:inline /Yc"pch.h" /Fp"Debug\SDE-2019.pch" /Fo"Debug\\" /Fd"Debug\vc141.pdb" /Gd /TP /analyze- /FC /errorReport:prompt pch.cpp
         pch.cpp
         C:\Program Files (x86)\Microsoft Visual Studio\2017\Community\VC\Tools\MSVC\14.16.27023\bin\HostX86\x86\CL.exe /c /ZI /JMC /nologo /W3 /WX- /diagnostics:classic /sdl /Od /Oy- /D WIN32 /D _DEBUG /D _CONSOLE /D _UNICODE /D UNICODE /Gm- /EHsc /RTC1 /MDd /GS /fp:precise /permissive- /Zc:wchar_t /Zc:forScope /Zc:inline /Yu"pch.h" /Fp"Debug\SDE-2019.pch" /Fo"Debug\\" /Fd"Debug\vc141.pdb" /Gd /TP /analyze- /FC /errorReport:prompt Error.cpp FST.cpp FilesManager.cpp Generation.cpp Greibach.cpp IT.cpp In.cpp LT.cpp LexAnaliz.cpp Log.cpp MFST.cpp Main.cpp Parm.cpp PolishNotation.cpp Semantic.cpp
         Error.cpp
     1>e:\compil\sde-2019\sde-2019\error.cpp(81): warning C4002: слишком много аргументов для вызова макроса, подобного функции, "ERROR_ENTRY_NODEF"
         FST.cpp
     1>e:\compil\sde-2019\sde-2019\fst.cpp(284): warning C4267: инициализация: преобразование из "size_t" в "short"; возможна потеря данных
         FilesManager.cpp
         Generation.cpp
     1>e:\compil\sde-2019\sde-2019\generation.cpp(201): warning C4129: p: неизвестная escape-последовательность
         Greibach.cpp
         IT.cpp
         In.cpp
     1>e:\compil\sde-2019\sde-2019\in.cpp(41): warning C4018: <: несоответствие типов со знаком и без знака
         LT.cpp
         LexAnaliz.cpp
     1>e:\compil\sde-2019\sde-2019\lexanaliz.cpp(171): warning C4018: <: несоответствие типов со знаком и без знака
     1>e:\compil\sde-2019\sde-2019\lexanaliz.cpp(203): warning C4018: <: несоответствие типов со знаком и без знака
     1>e:\compil\sde-2019\sde-2019\lexanaliz.cpp(494): warning C4018: <: несоответствие типов со знаком и без знака
     1>e:\compil\sde-2019\sde-2019\lexanaliz.cpp(496): warning C4018: >=: несоответствие типов со знаком и без знака
     1>e:\compil\sde-2019\sde-2019\lexanaliz.cpp(498): warning C4018: <: несоответствие типов со знаком и без знака
     1>e:\compil\sde-2019\sde-2019\lexanaliz.cpp(500): warning C4018: >=: несоответствие типов со знаком и без знака
     1>e:\compil\sde-2019\sde-2019\lexanaliz.cpp(552): warning C4018: <: несоответствие типов со знаком и без знака
     1>e:\compil\sde-2019\sde-2019\lexanaliz.cpp(554): warning C4018: >=: несоответствие типов со знаком и без знака
     1>e:\compil\sde-2019\sde-2019\lexanaliz.cpp(558): warning C4018: <: несоответствие типов со знаком и без знака
     1>e:\compil\sde-2019\sde-2019\lexanaliz.cpp(560): warning C4018: >=: несоответствие типов со знаком и без знака
     1>e:\compil\sde-2019\sde-2019\lexanaliz.cpp(580): warning C4244: +=: преобразование "double" в "int", возможна потеря данных
     1>e:\compil\sde-2019\sde-2019\lexanaliz.cpp(589): warning C4018: <: несоответствие типов со знаком и без знака
     1>e:\compil\sde-2019\sde-2019\lexanaliz.cpp(591): warning C4018: >=: несоответствие типов со знаком и без знака
         Log.cpp
         MFST.cpp
     1>e:\compil\sde-2019\sde-2019\mfst.cpp(237): warning C4267: =: преобразование из "size_t" в "short"; возможна потеря данных
         Main.cpp
         Parm.cpp
         PolishNotation.cpp
         Semantic.cpp
     1>e:\compil\sde-2019\sde-2019\semantic.cpp(81): warning C4018: <: несоответствие типов со знаком и без знака
         Создание кода...
     1>e:\compil\sde-2019\sde-2019\polishnotation.cpp(41): warning C4715: findOperator: значение возвращается не при всех путях выполнения
       Link:
         C:\Program Files (x86)\Microsoft Visual Studio\2017\Community\VC\Tools\MSVC\14.16.27023\bin\HostX86\x86\link.exe /ERRORREPORT:PROMPT /OUT:"E:\Compil\SDE-2019\Debug\SDE-2019.exe" /INCREMENTAL /NOLOGO kernel32.lib user32.lib gdi32.lib winspool.lib comdlg32.lib advapi32.lib shell32.lib ole32.lib oleaut32.lib uuid.lib odbc32.lib odbccp32.lib /MANIFEST /MANIFESTUAC:"level='asInvoker' uiAccess='false'" /manifest:embed /DEBUG:FASTLINK /PDB:"E:\Compil\SDE-2019\Debug\SDE-2019.pdb" /SUBSYSTEM:CONSOLE /TLBID:1 /DYNAMICBASE /NXCOMPAT /IMPLIB:"E:\Compil\SDE-2019\Debug\SDE-2019.lib" /MACHINE:X86 Debug\Error.obj
         Debug\FilesManager.obj
         Debug\FST.obj
         Debug\Generation.obj
         Debug\Greibach.obj
         Debug\In.obj
         Debug\IT.obj
         Debug\LexAnaliz.obj
         Debug\Log.obj
         Debug\LT.obj
         Debug\Main.obj
         Debug\MFST.obj
         Debug\Parm.obj
         Debug\pch.obj
         Debug\PolishNotation.obj
         Debug\Semantic.obj
         SDE-2019.vcxproj -> E:\Compil\SDE-2019\Debug\SDE-2019.exe
       FinalizeBuildStatus:
         Файл "Debug\SDE-2019.tlog\unsuccessfulbuild" удаляется.
         Обращение к "Debug\SDE-2019.tlog\SDE-2019.lastbuildstate".
     1>Сборка проекта "E:\Compil\SDE-2019\SDE-2019\SDE-2019.vcxproj" завершена (целевые объекты Build).

Сборка успешно завершена.

       "E:\Compil\SDE-2019\SDE-2019\SDE-2019.vcxproj" (целевой объект Build ) (1) ->
       (ClCompile конечный объект) -> 
         e:\compil\sde-2019\sde-2019\error.cpp(81): warning C4002: слишком много аргументов для вызова макроса, подобного функции, "ERROR_ENTRY_NODEF"
         e:\compil\sde-2019\sde-2019\fst.cpp(284): warning C4267: инициализация: преобразование из "size_t" в "short"; возможна потеря данных
         e:\compil\sde-2019\sde-2019\generation.cpp(201): warning C4129: p: неизвестная escape-последовательность
         e:\compil\sde-2019\sde-2019\in.cpp(41): warning C4018: <: несоответствие типов со знаком и без знака
         e:\compil\sde-2019\sde-2019\lexanaliz.cpp(171): warning C4018: <: несоответствие типов со знаком и без знака
         e:\compil\sde-2019\sde-2019\lexanaliz.cpp(203): warning C4018: <: несоответствие типов со знаком и без знака
         e:\compil\sde-2019\sde-2019\lexanaliz.cpp(494): warning C4018: <: несоответствие типов со знаком и без знака
         e:\compil\sde-2019\sde-2019\lexanaliz.cpp(496): warning C4018: >=: несоответствие типов со знаком и без знака
         e:\compil\sde-2019\sde-2019\lexanaliz.cpp(498): warning C4018: <: несоответствие типов со знаком и без знака
         e:\compil\sde-2019\sde-2019\lexanaliz.cpp(500): warning C4018: >=: несоответствие типов со знаком и без знака
         e:\compil\sde-2019\sde-2019\lexanaliz.cpp(552): warning C4018: <: несоответствие типов со знаком и без знака
         e:\compil\sde-2019\sde-2019\lexanaliz.cpp(554): warning C4018: >=: несоответствие типов со знаком и без знака
         e:\compil\sde-2019\sde-2019\lexanaliz.cpp(558): warning C4018: <: несоответствие типов со знаком и без знака
         e:\compil\sde-2019\sde-2019\lexanaliz.cpp(560): warning C4018: >=: несоответствие типов со знаком и без знака
         e:\compil\sde-2019\sde-2019\lexanaliz.cpp(580): warning C4244: +=: преобразование "double" в "int", возможна потеря данных
         e:\compil\sde-2019\sde-2019\lexanaliz.cpp(589): warning C4018: <: несоответствие типов со знаком и без знака
         e:\compil\sde-2019\sde-2019\lexanaliz.cpp(591): warning C4018: >=: несоответствие типов со знаком и без знака
         e:\compil\sde-2019\sde-2019\mfst.cpp(237): warning C4267: =: преобразование из "size_t" в "short"; возможна потеря данных
         e:\compil\sde-2019\sde-2019\semantic.cpp(81): warning C4018: <: несоответствие типов со знаком и без знака
         e:\compil\sde-2019\sde-2019\polishnotation.cpp(41): warning C4715: findOperator: значение возвращается не при всех путях выполнения

    Предупреждений: 20
    Ошибок: 0

Прошло времени 00:00:33.44
