e:\compil\sde-2019\debug\sde-2019.exe
e:\compil\sde-2019\debug\sde-2019.ilk
e:\compil\sde-2019\debug\sde-2019.pdb
e:\compil\sde-2019\sde-2019\debug\vc141.pdb
e:\compil\sde-2019\sde-2019\debug\vc141.idb
e:\compil\sde-2019\sde-2019\debug\in.obj
e:\compil\sde-2019\sde-2019\debug\error.obj
e:\compil\sde-2019\sde-2019\debug\polishnotation.obj
e:\compil\sde-2019\sde-2019\debug\parm.obj
e:\compil\sde-2019\sde-2019\debug\main.obj
e:\compil\sde-2019\sde-2019\debug\mfst.obj
e:\compil\sde-2019\sde-2019\debug\log.obj
e:\compil\sde-2019\sde-2019\debug\lt.obj
e:\compil\sde-2019\sde-2019\debug\it.obj
e:\compil\sde-2019\sde-2019\debug\greibach.obj
e:\compil\sde-2019\sde-2019\debug\fst.obj
e:\compil\sde-2019\sde-2019\debug\lexanaliz.obj
e:\compil\sde-2019\sde-2019\debug\semantic.obj
e:\compil\sde-2019\sde-2019\debug\filesmanager.obj
e:\compil\sde-2019\sde-2019\debug\generation.obj
e:\compil\sde-2019\sde-2019\debug\sde-2019.pch
e:\compil\sde-2019\sde-2019\debug\pch.obj
e:\compil\sde-2019\sde-2019\debug\polishnotation.obj.enc
e:\compil\sde-2019\sde-2019\debug\generation.obj.enc
e:\compil\sde-2019\sde-2019\debug\lexanaliz.obj.enc
e:\compil\sde-2019\sde-2019\debug\semantic.obj.enc
e:\compil\sde-2019\sde-2019\debug\greibach.new.obj.enc
e:\compil\sde-2019\sde-2019\debug\fst.obj.enc
e:\compil\sde-2019\sde-2019\debug\main.obj.enc
e:\compil\sde-2019\sde-2019\debug\sde-2019.tlog\link.write.1.tlog
e:\compil\sde-2019\sde-2019\debug\sde-2019.tlog\cl.read.1.tlog
e:\compil\sde-2019\sde-2019\debug\sde-2019.tlog\cl.write.1.tlog
e:\compil\sde-2019\sde-2019\debug\sde-2019.tlog\cl.command.1.tlog
e:\compil\sde-2019\sde-2019\debug\sde-2019.tlog\link.read.1.tlog
e:\compil\sde-2019\sde-2019\debug\sde-2019.tlog\link.command.1.tlog
