Сборка начата 06.06.2019 16:13:12.
Окружение на момент начала сборки:
ALLUSERSPROFILE = C:\ProgramData
APPDATA = C:\Users\USER\AppData\Roaming
BTK_BASELIBCTX:15044 = 1C7BF6A0
CommonProgramFiles = C:\Program Files (x86)\Common Files
CommonProgramFiles(x86) = C:\Program Files (x86)\Common Files
CommonProgramW6432 = C:\Program Files\Common Files
COMPUTERNAME = DEFENDER-SD
ComSpec = C:\WINDOWS\system32\cmd.exe
configsetroot = C:\WINDOWS\ConfigSetRoot
C_EM64T_REDIST11 = C:\Program Files (x86)\Common Files\Intel\Shared Files\cpp\
DriverData = C:\Windows\System32\Drivers\DriverData
easyplussdk = "C:\Program Files (x86)\Common Files\lenovo\easyplussdk\bin"
ESET_OPTIONS =                                                                                                                                                                                                                                                                                                                                                                                                                                                                                                                                
FPS_BROWSER_APP_PROFILE_STRING = Internet Explorer
FPS_BROWSER_USER_PROFILE_STRING = Default
HOMEDRIVE = C:
HOMEPATH = \Users\USER
KMP_DUPLICATE_LIB_OK = TRUE
LOCALAPPDATA = C:\Users\USER\AppData\Local
LOGONSERVER = \\DEFENDER-SD
MKL_SERIAL = YES
MSBuildLoadMicrosoftTargetsReadOnly = true
NUMBER_OF_PROCESSORS = 4
OneDrive = C:\Users\USER\OneDrive
OS = Windows_NT
Path = C:\Program Files (x86)\Common Files\Intel\Shared Files\cpp\bin\Intel64;C:\Program Files (x86)\Common Files\Oracle\Java\javapath;C:\ProgramData\Oracle\Java\javapath;C:\WINDOWS\system32;C:\WINDOWS;C:\WINDOWS\System32\Wbem;C:\WINDOWS\System32\WindowsPowerShell\v1.0\;C:\Program Files (x86)\Common Files\lenovo\easyplussdk\bin;C:\Program Files\Intel\WiFi\bin\;C:\Program Files\Common Files\Intel\WirelessCommon\;C:\install\AOMEI Backupper;C:\Program Files\Java\jdk-10.0.1\bin;C:\WINDOWS\System32\OpenSSH\;C:\Program Files\dotnet\;C:\Program Files\Microsoft SQL Server\130\Tools\Binn\;C:\install\Git\cmd;C:\Users\USER\AppData\Local\Microsoft\WindowsApps;C:\Users\USER\AppData\Local\atom\bin
PATHEXT = .COM;.EXE;.BAT;.CMD;.VBS;.VBE;.JS;.JSE;.WSF;.WSH;.MSC
PkgDefApplicationConfigFile = C:\Users\USER\AppData\Local\Microsoft\VisualStudio\15.0_3403365a\devenv.exe.config
PROCESSOR_ARCHITECTURE = x86
PROCESSOR_ARCHITEW6432 = AMD64
PROCESSOR_IDENTIFIER = Intel64 Family 6 Model 78 Stepping 3, GenuineIntel
PROCESSOR_LEVEL = 6
PROCESSOR_REVISION = 4e03
ProgramData = C:\ProgramData
ProgramFiles = C:\Program Files (x86)
ProgramFiles(x86) = C:\Program Files (x86)
ProgramW6432 = C:\Program Files
PSModulePath = %ProgramFiles%\WindowsPowerShell\Modules;C:\WINDOWS\system32\WindowsPowerShell\v1.0\Modules
PUBLIC = C:\Users\Public
SystemDrive = C:
SystemRoot = C:\WINDOWS
TEMP = C:\Users\USER\AppData\Local\Temp
TMP = C:\Users\USER\AppData\Local\Temp
USERDOMAIN = DEFENDER-SD
USERDOMAIN_ROAMINGPROFILE = DEFENDER-SD
USERNAME = USER
USERPROFILE = C:\Users\USER
VBOX_MSI_INSTALL_PATH = C:\install\VisualBox\
VisualStudioDir = C:\Users\USER\Documents\Visual Studio 2017
VisualStudioEdition = Microsoft Visual Studio Community 2017
VisualStudioVersion = 15.0
VS110COMNTOOLS = C:\Program Files (x86)\Microsoft Visual Studio 11.0\Common7\Tools\
VS120COMNTOOLS = C:\Program Files (x86)\Microsoft Visual Studio 12.0\Common7\Tools\
VS140COMNTOOLS = C:\Program Files (x86)\Microsoft Visual Studio 14.0\Common7\Tools\
VSAPPIDDIR = C:\Program Files (x86)\Microsoft Visual Studio\2017\Community\Common7\IDE\
VSAPPIDNAME = devenv.exe
VSLANG = 1049
VSSKUEDITION = Community
windir = C:\WINDOWS

     1>Проект "E:\Compil\LPLab10\LP_Lab10\LP_Lab10\LP_Lab10.vcxproj" в узле 2 (целевые объекты Build).
     1>PrepareForBuild:
         Создание каталога "E:\Compil\LPLab10\LP_Lab10\x64\Debug\".
         Создание каталога "x64\Debug\LP_Lab10.tlog\".
       InitializeBuildStatus:
         Создание "x64\Debug\LP_Lab10.tlog\unsuccessfulbuild", так как было задано "AlwaysCreate".
       ClCompile:
         C:\Program Files (x86)\Microsoft Visual Studio\2017\Community\VC\Tools\MSVC\14.16.27023\bin\HostX86\x64\CL.exe /c /ZI /JMC /nologo /W3 /WX- /diagnostics:classic /Od /D _DEBUG /D _CONSOLE /D _UNICODE /D UNICODE /Gm- /EHsc /RTC1 /MDd /GS /fp:precise /Zc:wchar_t /Zc:forScope /Zc:inline /Yc"stdafx.h" /Fp"x64\Debug\LP_Lab10.pch" /Fo"x64\Debug\\" /Fd"x64\Debug\vc141.pdb" /Gd /TP /FC /errorReport:prompt stdafx.cpp
         stdafx.cpp
         C:\Program Files (x86)\Microsoft Visual Studio\2017\Community\VC\Tools\MSVC\14.16.27023\bin\HostX86\x64\CL.exe /c /ZI /JMC /nologo /W3 /WX- /diagnostics:classic /Od /D _DEBUG /D _CONSOLE /D _UNICODE /D UNICODE /Gm- /EHsc /RTC1 /MDd /GS /fp:precise /Zc:wchar_t /Zc:forScope /Zc:inline /Yu"stdafx.h" /Fp"x64\Debug\LP_Lab10.pch" /Fo"x64\Debug\\" /Fd"x64\Debug\vc141.pdb" /Gd /TP /FC /errorReport:prompt Error.cpp FST.cpp In.cpp Log.cpp Parm.cpp Test_Error.cpp Test_Log.cpp Test_Parm.cpp
         Error.cpp
         FST.cpp
     1>e:\compil\lplab10\lp_lab10\lp_lab10\fst.cpp(10): warning C4102: FST: неиспользованная метка
     1>e:\compil\lplab10\lp_lab10\lp_lab10\fst.cpp(98): warning C4267: инициализация: преобразование из "size_t" в "short"; возможна потеря данных
         In.cpp
     1>e:\compil\lplab10\lp_lab10\lp_lab10\in.cpp(76): warning C4267: =: преобразование из "size_t" в "int"; возможна потеря данных
         Log.cpp
         Parm.cpp
         Test_Error.cpp
         Test_Log.cpp
         Test_Parm.cpp
         Создание кода...
       Link:
         C:\Program Files (x86)\Microsoft Visual Studio\2017\Community\VC\Tools\MSVC\14.16.27023\bin\HostX86\x64\link.exe /ERRORREPORT:PROMPT /OUT:"E:\Compil\LPLab10\LP_Lab10\x64\Debug\LP_Lab10.exe" /INCREMENTAL /NOLOGO kernel32.lib user32.lib gdi32.lib winspool.lib comdlg32.lib advapi32.lib shell32.lib ole32.lib oleaut32.lib uuid.lib odbc32.lib odbccp32.lib /MANIFEST /MANIFESTUAC:"level='asInvoker' uiAccess='false'" /manifest:embed /DEBUG:FASTLINK /PDB:"E:\Compil\LPLab10\LP_Lab10\x64\Debug\LP_Lab10.pdb" /SUBSYSTEM:CONSOLE /TLBID:1 /DYNAMICBASE /NXCOMPAT /IMPLIB:"E:\Compil\LPLab10\LP_Lab10\x64\Debug\LP_Lab10.lib" /MACHINE:X64 x64\Debug\Error.obj
         x64\Debug\FST.obj
         x64\Debug\In.obj
         x64\Debug\Log.obj
         x64\Debug\Parm.obj
         x64\Debug\stdafx.obj
         x64\Debug\Test_Error.obj
         x64\Debug\Test_Log.obj
         x64\Debug\Test_Parm.obj
         LP_Lab10.vcxproj -> E:\Compil\LPLab10\LP_Lab10\x64\Debug\LP_Lab10.exe
       FinalizeBuildStatus:
         Файл "x64\Debug\LP_Lab10.tlog\unsuccessfulbuild" удаляется.
         Обращение к "x64\Debug\LP_Lab10.tlog\LP_Lab10.lastbuildstate".
     1>Сборка проекта "E:\Compil\LPLab10\LP_Lab10\LP_Lab10\LP_Lab10.vcxproj" завершена (целевые объекты Build).

Сборка успешно завершена.

       "E:\Compil\LPLab10\LP_Lab10\LP_Lab10\LP_Lab10.vcxproj" (целевой объект Build ) (1) ->
       (ClCompile конечный объект) -> 
         e:\compil\lplab10\lp_lab10\lp_lab10\fst.cpp(10): warning C4102: FST: неиспользованная метка
         e:\compil\lplab10\lp_lab10\lp_lab10\fst.cpp(98): warning C4267: инициализация: преобразование из "size_t" в "short"; возможна потеря данных
         e:\compil\lplab10\lp_lab10\lp_lab10\in.cpp(76): warning C4267: =: преобразование из "size_t" в "int"; возможна потеря данных

    Предупреждений: 3
    Ошибок: 0

Прошло времени 00:00:17.53
